<?xml version="1.0" encoding="UTF-8"?>
<testng-results ignored="0" total="1" passed="1" failed="0" skipped="0">
  <reporter-output>
  </reporter-output>
  <suite started-at="2024-06-14T15:30:35 IST" name="Suite" finished-at="2024-06-14T15:30:35 IST" duration-ms="41">
    <groups>
    </groups>
    <test started-at="2024-06-14T15:30:35 IST" name="Test" finished-at="2024-06-14T15:30:35 IST" duration-ms="41">
      <class name="com.Logs.Right">
        <test-method signature="he()[pri:0, instance:com.Logs.Right@4c6daf0]" started-at="2024-06-14T15:30:35 IST" name="he" finished-at="2024-06-14T15:30:35 IST" duration-ms="12" status="PASS">
          <reporter-output>
          </reporter-output>
        </test-method> <!-- he -->
      </class> <!-- com.Logs.Right -->
    </test> <!-- Test -->
  </suite> <!-- Suite -->
</testng-results>
